<!DOCTYPE html PUBLIC "-//W3C//DTD XHTML 1.1//EN" "https://www.w3.org/TR/xhtml11/DTD/xhtml11.dtd">
<html xmlns="https://www.w3.org/1999/xhtml">
<head>
<meta http-equiv="content-type" content="text/html; charset=UTF-8"/>
<title>TestNG Report</title>
<style type="text/css">table {margin-bottom:10px;border-collapse:collapse;empty-cells:show}th,td {border:1px solid #009;padding:.25em .5em}th {vertical-align:bottom}td {vertical-align:top}table a {font-weight:bold}.stripe td {background-color: #E6EBF9}.num {text-align:right}.passedodd td {background-color: #3F3}.passedeven td {background-color: #0A0}.skippedodd td {background-color: #DDD}.skippedeven td {background-color: #CCC}.failedodd td,.attn {background-color: #F33}.failedeven td,.stripe .attn {background-color: #D00}.stacktrace {white-space:pre;font-family:monospace}.totop {font-size:85%;text-align:center;border-bottom:2px solid #000}.invisible {display:none}</style>
</head>
<body>
<table>
<tr><th>Test</th><th># Passed</th><th># Skipped</th><th># Retried</th><th># Failed</th><th>Time (ms)</th><th>Included Groups</th><th>Excluded Groups</th></tr>
<tr><th colspan="8">Suite</th></tr>
<tr><td><a href="#t0">Test</a></td><td class="num">7</td><td class="num attn">1</td><td class="num">0</td><td class="num attn">2</td><td class="num">906,472</td><td></td><td></td></tr>
</table>
<table id='summary'><thead><tr><th>Class</th><th>Method</th><th>Start</th><th>Time (ms)</th></tr></thead><tbody><tr><th colspan="4">Suite</th></tr></tbody><tbody id="t0"><tr><th colspan="4">Test &#8212; failed (configuration methods)</th></tr><tr class="failedeven"><td rowspan="1">TestcasesADGM.HomeTestcasesAGDM</td><td><a href="#m0">launch</a></td><td rowspan="1">1720940828948</td><td rowspan="1">741522</td></tr><tr><th colspan="4">Test &#8212; failed</th></tr><tr class="failedeven"><td rowspan="2">TestcasesADGM.HomeTestcasesAGDM</td><td><a href="#m1">addnewcontacts</a></td><td rowspan="2">1720940783109</td><td rowspan="2">14484</td></tr><tr class="failedeven"><td><a href="#m2">addnewcontacts</a></td></tr><tr><th colspan="4">Test &#8212; skipped (configuration methods)</th></tr><tr class="skippedeven"><td rowspan="2">TestcasesADGM.HomeTestcasesAGDM</td><td><a href="#m3">Aftersuite</a></td><td rowspan="1">1720941570524</td><td rowspan="1">-1720941570524</td></tr><tr class="skippedeven"><td><a href="#m4">quit</a></td><td rowspan="1">1720941570477</td><td rowspan="1">-1720941570477</td></tr><tr><th colspan="4">Test &#8212; skipped</th></tr><tr class="skippedeven"><td rowspan="1">TestcasesADGM.HomeTestcasesAGDM</td><td><a href="#m5">addnewcontacts</a></td><td rowspan="1">1720941570473</td><td rowspan="1">0</td></tr><tr><th colspan="4">Test &#8212; passed</th></tr><tr class="passedeven"><td rowspan="7">TestcasesADGM.HomeTestcasesAGDM</td><td><a href="#m6">addnewcontacts</a></td><td rowspan="7">1720940738954</td><td rowspan="7">16614</td></tr><tr class="passedeven"><td><a href="#m7">addnewcontacts</a></td></tr><tr class="passedeven"><td><a href="#m8">addnewcontacts</a></td></tr><tr class="passedeven"><td><a href="#m9">addnewcontacts</a></td></tr><tr class="passedeven"><td><a href="#m10">addnewcontacts</a></td></tr><tr class="passedeven"><td><a href="#m11">addnewcontacts</a></td></tr><tr class="passedeven"><td><a href="#m12">addnewcontacts</a></td></tr></tbody>
</table>
<h2>Test</h2><h3 id="m0">TestcasesADGM.HomeTestcasesAGDM#launch</h3><table class="result"><tr class="param"><th>Parameter #1</th></tr><tr class="param stripe"><td>https://energy-power-2854.my.salesforce.com/</td></tr><tr><th>Exception</th></tr><tr><td><div class="stacktrace">org.openqa.selenium.SessionNotCreatedException: Could not start a new session. Possible causes are invalid address of the remote server or browser start-up failure. 
Host info: host: &apos;RAKIB-ANSAR&apos;, ip: &apos;192.168.1.12&apos;
	at org.openqa.selenium.remote.RemoteWebDriver.execute(RemoteWebDriver.java:536)
	at org.openqa.selenium.remote.RemoteWebDriver.startSession(RemoteWebDriver.java:232)
	at org.openqa.selenium.remote.RemoteWebDriver.&lt;init&gt;(RemoteWebDriver.java:161)
	at org.openqa.selenium.chromium.ChromiumDriver.&lt;init&gt;(ChromiumDriver.java:114)
	at org.openqa.selenium.chrome.ChromeDriver.&lt;init&gt;(ChromeDriver.java:88)
	at org.openqa.selenium.chrome.ChromeDriver.&lt;init&gt;(ChromeDriver.java:83)
	at org.openqa.selenium.chrome.ChromeDriver.&lt;init&gt;(ChromeDriver.java:51)
	at BasicUtility.BaseADGM.browserlaunch(BaseADGM.java:35)
	at TestcasesADGM.HomeTestcasesAGDM.launch(HomeTestcasesAGDM.java:21)
	at java.base/java.util.ArrayList.forEach(ArrayList.java:1597)
Caused by: org.openqa.selenium.TimeoutException: java.net.http.HttpTimeoutException: request timed out
Build info: version: &apos;4.22.0&apos;, revision: &apos;c5f3146703*&apos;
System info: os.name: &apos;Windows 11&apos;, os.arch: &apos;amd64&apos;, os.version: &apos;10.0&apos;, java.version: &apos;22.0.1&apos;
Driver info: driver.version: ChromeDriver
	at org.openqa.selenium.remote.http.jdk.JdkHttpClient.execute0(JdkHttpClient.java:389)
	at org.openqa.selenium.remote.http.AddSeleniumUserAgent.lambda$apply$0(AddSeleniumUserAgent.java:42)
	at org.openqa.selenium.remote.http.Filter.lambda$andFinally$1(Filter.java:55)
	at org.openqa.selenium.remote.http.jdk.JdkHttpClient.execute(JdkHttpClient.java:355)
	at org.openqa.selenium.remote.ProtocolHandshake.createSession(ProtocolHandshake.java:89)
	at org.openqa.selenium.remote.ProtocolHandshake.createSession(ProtocolHandshake.java:75)
	at org.openqa.selenium.remote.ProtocolHandshake.createSession(ProtocolHandshake.java:61)
	at org.openqa.selenium.remote.HttpCommandExecutor.execute(HttpCommandExecutor.java:162)
	at org.openqa.selenium.remote.service.DriverCommandExecutor.invokeExecute(DriverCommandExecutor.java:216)
	at org.openqa.selenium.remote.service.DriverCommandExecutor.execute(DriverCommandExecutor.java:174)
	at org.openqa.selenium.remote.RemoteWebDriver.execute(RemoteWebDriver.java:518)
	... 38 more
Caused by: java.net.http.HttpTimeoutException: request timed out
	at java.net.http/jdk.internal.net.http.ResponseTimerEvent.handle(ResponseTimerEvent.java:63)
	at java.net.http/jdk.internal.net.http.HttpClientImpl.purgeTimeoutsAndReturnNextDeadline(HttpClientImpl.java:1788)
	at java.net.http/jdk.internal.net.http.HttpClientImpl$SelectorManager.run(HttpClientImpl.java:1344)
... Removed 29 stack frames</div></td></tr></table><p class="totop"><a href="#summary">back to summary</a></p>
<h3 id="m1">TestcasesADGM.HomeTestcasesAGDM#addnewcontacts</h3><table class="result"><tr class="param"><th>Parameter #1</th><th>Parameter #2</th><th>Parameter #3</th></tr><tr class="param stripe"><td>Aasif</td><td>SSS</td><td>Account </td></tr><tr><th colspan="3">Exception</th></tr><tr><td colspan="3"><div class="stacktrace">java.lang.AssertionError: expected [Open company Preview] but found [Open Account  Preview]
	at ADGMPageObject.HomeADGM.contactverifyaccountname(HomeADGM.java:109)
	at TestcasesADGM.HomeTestcasesAGDM.addnewcontacts(HomeTestcasesAGDM.java:53)
	at java.base/java.util.ArrayList.forEach(ArrayList.java:1597)
... Removed 31 stack frames</div></td></tr></table><p class="totop"><a href="#summary">back to summary</a></p>
<h3 id="m2">TestcasesADGM.HomeTestcasesAGDM#addnewcontacts</h3><table class="result"><tr class="param"><th>Parameter #1</th><th>Parameter #2</th><th>Parameter #3</th></tr><tr class="param stripe"><td>Piyus</td><td>soni</td><td>company</td></tr><tr><th colspan="3">Exception</th></tr><tr><td colspan="3"><div class="stacktrace">java.lang.AssertionError: expected [Open add contact Preview] but found [Open company Preview]
	at ADGMPageObject.HomeADGM.contactverifyaccountname(HomeADGM.java:109)
	at TestcasesADGM.HomeTestcasesAGDM.addnewcontacts(HomeTestcasesAGDM.java:53)
	at java.base/java.util.ArrayList.forEach(ArrayList.java:1597)
... Removed 31 stack frames</div></td></tr></table><p class="totop"><a href="#summary">back to summary</a></p>
<h3 id="m3">TestcasesADGM.HomeTestcasesAGDM#Aftersuite</h3><table class="result"><tr><th class="invisible"/></tr></table><p class="totop"><a href="#summary">back to summary</a></p>
<h3 id="m4">TestcasesADGM.HomeTestcasesAGDM#quit</h3><table class="result"><tr><th class="invisible"/></tr></table><p class="totop"><a href="#summary">back to summary</a></p>
<h3 id="m5">TestcasesADGM.HomeTestcasesAGDM#addnewcontacts</h3><table class="result"><tr class="param"><th>Parameter #1</th><th>Parameter #2</th><th>Parameter #3</th></tr><tr class="param stripe"><td>Sahil</td><td>ass</td><td>account</td></tr><tr><th colspan="3">Exception</th></tr><tr><td colspan="3"><div class="stacktrace">org.openqa.selenium.SessionNotCreatedException: Could not start a new session. Possible causes are invalid address of the remote server or browser start-up failure. 
Host info: host: &apos;RAKIB-ANSAR&apos;, ip: &apos;192.168.1.12&apos;
	at org.openqa.selenium.remote.RemoteWebDriver.execute(RemoteWebDriver.java:536)
	at org.openqa.selenium.remote.RemoteWebDriver.startSession(RemoteWebDriver.java:232)
	at org.openqa.selenium.remote.RemoteWebDriver.&lt;init&gt;(RemoteWebDriver.java:161)
	at org.openqa.selenium.chromium.ChromiumDriver.&lt;init&gt;(ChromiumDriver.java:114)
	at org.openqa.selenium.chrome.ChromeDriver.&lt;init&gt;(ChromeDriver.java:88)
	at org.openqa.selenium.chrome.ChromeDriver.&lt;init&gt;(ChromeDriver.java:83)
	at org.openqa.selenium.chrome.ChromeDriver.&lt;init&gt;(ChromeDriver.java:51)
	at BasicUtility.BaseADGM.browserlaunch(BaseADGM.java:35)
	at TestcasesADGM.HomeTestcasesAGDM.launch(HomeTestcasesAGDM.java:21)
	at java.base/java.util.ArrayList.forEach(ArrayList.java:1597)
Caused by: org.openqa.selenium.TimeoutException: java.net.http.HttpTimeoutException: request timed out
Build info: version: &apos;4.22.0&apos;, revision: &apos;c5f3146703*&apos;
System info: os.name: &apos;Windows 11&apos;, os.arch: &apos;amd64&apos;, os.version: &apos;10.0&apos;, java.version: &apos;22.0.1&apos;
Driver info: driver.version: ChromeDriver
	at org.openqa.selenium.remote.http.jdk.JdkHttpClient.execute0(JdkHttpClient.java:389)
	at org.openqa.selenium.remote.http.AddSeleniumUserAgent.lambda$apply$0(AddSeleniumUserAgent.java:42)
	at org.openqa.selenium.remote.http.Filter.lambda$andFinally$1(Filter.java:55)
	at org.openqa.selenium.remote.http.jdk.JdkHttpClient.execute(JdkHttpClient.java:355)
	at org.openqa.selenium.remote.ProtocolHandshake.createSession(ProtocolHandshake.java:89)
	at org.openqa.selenium.remote.ProtocolHandshake.createSession(ProtocolHandshake.java:75)
	at org.openqa.selenium.remote.ProtocolHandshake.createSession(ProtocolHandshake.java:61)
	at org.openqa.selenium.remote.HttpCommandExecutor.execute(HttpCommandExecutor.java:162)
	at org.openqa.selenium.remote.service.DriverCommandExecutor.invokeExecute(DriverCommandExecutor.java:216)
	at org.openqa.selenium.remote.service.DriverCommandExecutor.execute(DriverCommandExecutor.java:174)
	at org.openqa.selenium.remote.RemoteWebDriver.execute(RemoteWebDriver.java:518)
	... 38 more
Caused by: java.net.http.HttpTimeoutException: request timed out
	at java.net.http/jdk.internal.net.http.ResponseTimerEvent.handle(ResponseTimerEvent.java:63)
	at java.net.http/jdk.internal.net.http.HttpClientImpl.purgeTimeoutsAndReturnNextDeadline(HttpClientImpl.java:1788)
	at java.net.http/jdk.internal.net.http.HttpClientImpl$SelectorManager.run(HttpClientImpl.java:1344)
... Removed 29 stack frames</div></td></tr></table><p class="totop"><a href="#summary">back to summary</a></p>
<h3 id="m6">TestcasesADGM.HomeTestcasesAGDM#addnewcontacts</h3><table class="result"><tr class="param"><th>Parameter #1</th><th>Parameter #2</th><th>Parameter #3</th></tr><tr class="param stripe"><td>Habib</td><td>sayed</td><td>company</td></tr></table><p class="totop"><a href="#summary">back to summary</a></p>
<h3 id="m7">TestcasesADGM.HomeTestcasesAGDM#addnewcontacts</h3><table class="result"><tr class="param"><th>Parameter #1</th><th>Parameter #2</th><th>Parameter #3</th></tr><tr class="param stripe"><td>Soyab</td><td>Siso</td><td>company</td></tr></table><p class="totop"><a href="#summary">back to summary</a></p>
<h3 id="m8">TestcasesADGM.HomeTestcasesAGDM#addnewcontacts</h3><table class="result"><tr class="param"><th>Parameter #1</th><th>Parameter #2</th><th>Parameter #3</th></tr><tr class="param stripe"><td>Aayush</td><td>goyal</td><td>company</td></tr></table><p class="totop"><a href="#summary">back to summary</a></p>
<h3 id="m9">TestcasesADGM.HomeTestcasesAGDM#addnewcontacts</h3><table class="result"><tr class="param"><th>Parameter #1</th><th>Parameter #2</th><th>Parameter #3</th></tr><tr class="param stripe"><td>Rahim</td><td>dsd</td><td>company</td></tr></table><p class="totop"><a href="#summary">back to summary</a></p>
<h3 id="m10">TestcasesADGM.HomeTestcasesAGDM#addnewcontacts</h3><table class="result"><tr class="param"><th>Parameter #1</th><th>Parameter #2</th><th>Parameter #3</th></tr><tr class="param stripe"><td>Rohan</td><td>Bhatghav</td><td>company</td></tr></table><p class="totop"><a href="#summary">back to summary</a></p>
<h3 id="m11">TestcasesADGM.HomeTestcasesAGDM#addnewcontacts</h3><table class="result"><tr class="param"><th>Parameter #1</th><th>Parameter #2</th><th>Parameter #3</th></tr><tr class="param stripe"><td>Aarif</td><td>Ali</td><td>company</td></tr></table><p class="totop"><a href="#summary">back to summary</a></p>
<h3 id="m12">TestcasesADGM.HomeTestcasesAGDM#addnewcontacts</h3><table class="result"><tr class="param"><th>Parameter #1</th><th>Parameter #2</th><th>Parameter #3</th></tr><tr class="param stripe"><td>Rakib</td><td>Ansar</td><td>company</td></tr></table><p class="totop"><a href="#summary">back to summary</a></p>
</body>
</html>
