<?xml version="1.0" encoding="UTF-8"?>
<testng-results ignored="0" total="10" passed="7" failed="2" skipped="1">
  <reporter-output>
  </reporter-output>
  <suite started-at="2024-07-14T12:34:24 IST" name="Suite" finished-at="2024-07-14T12:49:30 IST" duration-ms="906472">
    <groups>
    </groups>
    <test started-at="2024-07-14T12:34:24 IST" name="Test" finished-at="2024-07-14T12:49:30 IST" duration-ms="906472">
      <class name="TestcasesADGM.HomeTestcasesAGDM">
        <test-method is-config="true" signature="logConfig()[pri:0, instance:TestcasesADGM.HomeTestcasesAGDM@770d0ea6]" started-at="2024-07-14T12:34:23 IST" name="logConfig" finished-at="2024-07-14T12:34:24 IST" duration-ms="369" status="PASS">
          <reporter-output>
          </reporter-output>
        </test-method> <!-- logConfig -->
        <test-method is-config="true" signature="launch(java.lang.String)[pri:0, instance:TestcasesADGM.HomeTestcasesAGDM@770d0ea6]" started-at="2024-07-14T12:34:24 IST" name="launch" finished-at="2024-07-14T12:34:30 IST" duration-ms="5766" status="PASS">
          <params>
            <param index="0">
              <value>
                <![CDATA[https://energy-power-2854.my.salesforce.com/]]>
              </value>
            </param>
          </params>
          <reporter-output>
          </reporter-output>
        </test-method> <!-- launch -->
        <test-method signature="addnewcontacts(java.lang.String,java.lang.String,java.lang.String)[pri:0, instance:TestcasesADGM.HomeTestcasesAGDM@770d0ea6]" started-at="2024-07-14T12:34:30 IST" name="addnewcontacts" data-provider="crendata" finished-at="2024-07-14T12:34:45 IST" duration-ms="15017" status="PASS">
          <params>
            <param index="0">
              <value>
                <![CDATA[Rakib]]>
              </value>
            </param>
            <param index="1">
              <value>
                <![CDATA[Ansar]]>
              </value>
            </param>
            <param index="2">
              <value>
                <![CDATA[company]]>
              </value>
            </param>
          </params>
          <reporter-output>
          </reporter-output>
        </test-method> <!-- addnewcontacts -->
        <test-method is-config="true" signature="quit()[pri:0, instance:TestcasesADGM.HomeTestcasesAGDM@770d0ea6]" started-at="2024-07-14T12:34:45 IST" name="quit" finished-at="2024-07-14T12:34:46 IST" duration-ms="870" status="PASS">
          <reporter-output>
          </reporter-output>
        </test-method> <!-- quit -->
        <test-method is-config="true" signature="launch(java.lang.String)[pri:0, instance:TestcasesADGM.HomeTestcasesAGDM@770d0ea6]" started-at="2024-07-14T12:34:46 IST" name="launch" finished-at="2024-07-14T12:34:49 IST" duration-ms="3101" status="PASS">
          <params>
            <param index="0">
              <value>
                <![CDATA[https://energy-power-2854.my.salesforce.com/]]>
              </value>
            </param>
          </params>
          <reporter-output>
          </reporter-output>
        </test-method> <!-- launch -->
        <test-method signature="addnewcontacts(java.lang.String,java.lang.String,java.lang.String)[pri:0, instance:TestcasesADGM.HomeTestcasesAGDM@770d0ea6]" started-at="2024-07-14T12:34:49 IST" name="addnewcontacts" data-provider="crendata" finished-at="2024-07-14T12:35:01 IST" duration-ms="11467" status="PASS">
          <params>
            <param index="0">
              <value>
                <![CDATA[Aayush]]>
              </value>
            </param>
            <param index="1">
              <value>
                <![CDATA[goyal]]>
              </value>
            </param>
            <param index="2">
              <value>
                <![CDATA[company]]>
              </value>
            </param>
          </params>
          <reporter-output>
          </reporter-output>
        </test-method> <!-- addnewcontacts -->
        <test-method is-config="true" signature="quit()[pri:0, instance:TestcasesADGM.HomeTestcasesAGDM@770d0ea6]" started-at="2024-07-14T12:35:01 IST" name="quit" finished-at="2024-07-14T12:35:01 IST" duration-ms="420" status="PASS">
          <reporter-output>
          </reporter-output>
        </test-method> <!-- quit -->
        <test-method is-config="true" signature="launch(java.lang.String)[pri:0, instance:TestcasesADGM.HomeTestcasesAGDM@770d0ea6]" started-at="2024-07-14T12:35:01 IST" name="launch" finished-at="2024-07-14T12:35:05 IST" duration-ms="3724" status="PASS">
          <params>
            <param index="0">
              <value>
                <![CDATA[https://energy-power-2854.my.salesforce.com/]]>
              </value>
            </param>
          </params>
          <reporter-output>
          </reporter-output>
        </test-method> <!-- launch -->
        <test-method signature="addnewcontacts(java.lang.String,java.lang.String,java.lang.String)[pri:0, instance:TestcasesADGM.HomeTestcasesAGDM@770d0ea6]" started-at="2024-07-14T12:35:05 IST" name="addnewcontacts" data-provider="crendata" finished-at="2024-07-14T12:35:18 IST" duration-ms="12843" status="FAIL">
          <params>
            <param index="0">
              <value>
                <![CDATA[Piyus]]>
              </value>
            </param>
            <param index="1">
              <value>
                <![CDATA[soni]]>
              </value>
            </param>
            <param index="2">
              <value>
                <![CDATA[company]]>
              </value>
            </param>
          </params>
          <exception class="java.lang.AssertionError">
            <message>
              <![CDATA[expected [Open add contact Preview] but found [Open company Preview]]]>
            </message>
            <full-stacktrace>
              <![CDATA[java.lang.AssertionError: expected [Open add contact Preview] but found [Open company Preview]
at org.testng.Assert.fail(Assert.java:99)
at org.testng.Assert.failNotEquals(Assert.java:1037)
at org.testng.Assert.assertEqualsImpl(Assert.java:140)
at org.testng.Assert.assertEquals(Assert.java:122)
at org.testng.Assert.assertEquals(Assert.java:629)
at org.testng.Assert.assertEquals(Assert.java:639)
at ADGMPageObject.HomeADGM.contactverifyaccountname(HomeADGM.java:109)
at TestcasesADGM.HomeTestcasesAGDM.addnewcontacts(HomeTestcasesAGDM.java:53)
at java.base/jdk.internal.reflect.DirectMethodHandleAccessor.invoke(DirectMethodHandleAccessor.java:103)
at java.base/java.lang.reflect.Method.invoke(Method.java:580)
at org.testng.internal.MethodInvocationHelper.invokeMethod(MethodInvocationHelper.java:133)
at org.testng.internal.TestInvoker.invokeMethod(TestInvoker.java:598)
at org.testng.internal.TestInvoker.invokeTestMethod(TestInvoker.java:173)
at org.testng.internal.MethodRunner.runInSequence(MethodRunner.java:46)
at org.testng.internal.TestInvoker$MethodInvocationAgent.invoke(TestInvoker.java:824)
at org.testng.internal.TestInvoker.invokeTestMethods(TestInvoker.java:146)
at org.testng.internal.TestMethodWorker.invokeTestMethods(TestMethodWorker.java:146)
at org.testng.internal.TestMethodWorker.run(TestMethodWorker.java:128)
at java.base/java.util.ArrayList.forEach(ArrayList.java:1597)
at org.testng.TestRunner.privateRun(TestRunner.java:794)
at org.testng.TestRunner.run(TestRunner.java:596)
at org.testng.SuiteRunner.runTest(SuiteRunner.java:377)
at org.testng.SuiteRunner.runSequentially(SuiteRunner.java:371)
at org.testng.SuiteRunner.privateRun(SuiteRunner.java:332)
at org.testng.SuiteRunner.run(SuiteRunner.java:276)
at org.testng.SuiteRunnerWorker.runSuite(SuiteRunnerWorker.java:53)
at org.testng.SuiteRunnerWorker.run(SuiteRunnerWorker.java:96)
at org.testng.TestNG.runSuitesSequentially(TestNG.java:1212)
at org.testng.TestNG.runSuitesLocally(TestNG.java:1134)
at org.testng.TestNG.runSuites(TestNG.java:1063)
at org.testng.TestNG.run(TestNG.java:1031)
at org.testng.remote.AbstractRemoteTestNG.run(AbstractRemoteTestNG.java:115)
at org.testng.remote.RemoteTestNG.initAndRun(RemoteTestNG.java:293)
at org.testng.remote.RemoteTestNG.main(RemoteTestNG.java:91)
]]>
            </full-stacktrace>
          </exception> <!-- java.lang.AssertionError -->
          <reporter-output>
          </reporter-output>
        </test-method> <!-- addnewcontacts -->
        <test-method is-config="true" signature="quit()[pri:0, instance:TestcasesADGM.HomeTestcasesAGDM@770d0ea6]" started-at="2024-07-14T12:35:18 IST" name="quit" finished-at="2024-07-14T12:35:18 IST" duration-ms="513" status="PASS">
          <reporter-output>
          </reporter-output>
        </test-method> <!-- quit -->
        <test-method is-config="true" signature="launch(java.lang.String)[pri:0, instance:TestcasesADGM.HomeTestcasesAGDM@770d0ea6]" started-at="2024-07-14T12:35:18 IST" name="launch" finished-at="2024-07-14T12:35:21 IST" duration-ms="3059" status="PASS">
          <params>
            <param index="0">
              <value>
                <![CDATA[https://energy-power-2854.my.salesforce.com/]]>
              </value>
            </param>
          </params>
          <reporter-output>
          </reporter-output>
        </test-method> <!-- launch -->
        <test-method signature="addnewcontacts(java.lang.String,java.lang.String,java.lang.String)[pri:0, instance:TestcasesADGM.HomeTestcasesAGDM@770d0ea6]" started-at="2024-07-14T12:35:21 IST" name="addnewcontacts" data-provider="crendata" finished-at="2024-07-14T12:35:34 IST" duration-ms="13248" status="PASS">
          <params>
            <param index="0">
              <value>
                <![CDATA[Rohan]]>
              </value>
            </param>
            <param index="1">
              <value>
                <![CDATA[Bhatghav]]>
              </value>
            </param>
            <param index="2">
              <value>
                <![CDATA[company]]>
              </value>
            </param>
          </params>
          <reporter-output>
          </reporter-output>
        </test-method> <!-- addnewcontacts -->
        <test-method is-config="true" signature="quit()[pri:0, instance:TestcasesADGM.HomeTestcasesAGDM@770d0ea6]" started-at="2024-07-14T12:35:34 IST" name="quit" finished-at="2024-07-14T12:35:35 IST" duration-ms="516" status="PASS">
          <reporter-output>
          </reporter-output>
        </test-method> <!-- quit -->
        <test-method is-config="true" signature="launch(java.lang.String)[pri:0, instance:TestcasesADGM.HomeTestcasesAGDM@770d0ea6]" started-at="2024-07-14T12:35:35 IST" name="launch" finished-at="2024-07-14T12:35:38 IST" duration-ms="3521" status="PASS">
          <params>
            <param index="0">
              <value>
                <![CDATA[https://energy-power-2854.my.salesforce.com/]]>
              </value>
            </param>
          </params>
          <reporter-output>
          </reporter-output>
        </test-method> <!-- launch -->
        <test-method signature="addnewcontacts(java.lang.String,java.lang.String,java.lang.String)[pri:0, instance:TestcasesADGM.HomeTestcasesAGDM@770d0ea6]" started-at="2024-07-14T12:35:38 IST" name="addnewcontacts" data-provider="crendata" finished-at="2024-07-14T12:35:55 IST" duration-ms="16614" status="PASS">
          <params>
            <param index="0">
              <value>
                <![CDATA[Habib]]>
              </value>
            </param>
            <param index="1">
              <value>
                <![CDATA[sayed]]>
              </value>
            </param>
            <param index="2">
              <value>
                <![CDATA[company]]>
              </value>
            </param>
          </params>
          <reporter-output>
          </reporter-output>
        </test-method> <!-- addnewcontacts -->
        <test-method is-config="true" signature="quit()[pri:0, instance:TestcasesADGM.HomeTestcasesAGDM@770d0ea6]" started-at="2024-07-14T12:35:55 IST" name="quit" finished-at="2024-07-14T12:35:56 IST" duration-ms="589" status="PASS">
          <reporter-output>
          </reporter-output>
        </test-method> <!-- quit -->
        <test-method is-config="true" signature="launch(java.lang.String)[pri:0, instance:TestcasesADGM.HomeTestcasesAGDM@770d0ea6]" started-at="2024-07-14T12:35:56 IST" name="launch" finished-at="2024-07-14T12:35:59 IST" duration-ms="2931" status="PASS">
          <params>
            <param index="0">
              <value>
                <![CDATA[https://energy-power-2854.my.salesforce.com/]]>
              </value>
            </param>
          </params>
          <reporter-output>
          </reporter-output>
        </test-method> <!-- launch -->
        <test-method signature="addnewcontacts(java.lang.String,java.lang.String,java.lang.String)[pri:0, instance:TestcasesADGM.HomeTestcasesAGDM@770d0ea6]" started-at="2024-07-14T12:35:59 IST" name="addnewcontacts" data-provider="crendata" finished-at="2024-07-14T12:36:19 IST" duration-ms="20066" status="PASS">
          <params>
            <param index="0">
              <value>
                <![CDATA[Soyab]]>
              </value>
            </param>
            <param index="1">
              <value>
                <![CDATA[Siso]]>
              </value>
            </param>
            <param index="2">
              <value>
                <![CDATA[company]]>
              </value>
            </param>
          </params>
          <reporter-output>
          </reporter-output>
        </test-method> <!-- addnewcontacts -->
        <test-method is-config="true" signature="quit()[pri:0, instance:TestcasesADGM.HomeTestcasesAGDM@770d0ea6]" started-at="2024-07-14T12:36:19 IST" name="quit" finished-at="2024-07-14T12:36:19 IST" duration-ms="718" status="PASS">
          <reporter-output>
          </reporter-output>
        </test-method> <!-- quit -->
        <test-method is-config="true" signature="launch(java.lang.String)[pri:0, instance:TestcasesADGM.HomeTestcasesAGDM@770d0ea6]" started-at="2024-07-14T12:36:19 IST" name="launch" finished-at="2024-07-14T12:36:23 IST" duration-ms="3229" status="PASS">
          <params>
            <param index="0">
              <value>
                <![CDATA[https://energy-power-2854.my.salesforce.com/]]>
              </value>
            </param>
          </params>
          <reporter-output>
          </reporter-output>
        </test-method> <!-- launch -->
        <test-method signature="addnewcontacts(java.lang.String,java.lang.String,java.lang.String)[pri:0, instance:TestcasesADGM.HomeTestcasesAGDM@770d0ea6]" started-at="2024-07-14T12:36:23 IST" name="addnewcontacts" data-provider="crendata" finished-at="2024-07-14T12:36:37 IST" duration-ms="14484" status="FAIL">
          <params>
            <param index="0">
              <value>
                <![CDATA[Aasif]]>
              </value>
            </param>
            <param index="1">
              <value>
                <![CDATA[SSS]]>
              </value>
            </param>
            <param index="2">
              <value>
                <![CDATA[Account ]]>
              </value>
            </param>
          </params>
          <exception class="java.lang.AssertionError">
            <message>
              <![CDATA[expected [Open company Preview] but found [Open Account  Preview]]]>
            </message>
            <full-stacktrace>
              <![CDATA[java.lang.AssertionError: expected [Open company Preview] but found [Open Account  Preview]
at org.testng.Assert.fail(Assert.java:99)
at org.testng.Assert.failNotEquals(Assert.java:1037)
at org.testng.Assert.assertEqualsImpl(Assert.java:140)
at org.testng.Assert.assertEquals(Assert.java:122)
at org.testng.Assert.assertEquals(Assert.java:629)
at org.testng.Assert.assertEquals(Assert.java:639)
at ADGMPageObject.HomeADGM.contactverifyaccountname(HomeADGM.java:109)
at TestcasesADGM.HomeTestcasesAGDM.addnewcontacts(HomeTestcasesAGDM.java:53)
at java.base/jdk.internal.reflect.DirectMethodHandleAccessor.invoke(DirectMethodHandleAccessor.java:103)
at java.base/java.lang.reflect.Method.invoke(Method.java:580)
at org.testng.internal.MethodInvocationHelper.invokeMethod(MethodInvocationHelper.java:133)
at org.testng.internal.TestInvoker.invokeMethod(TestInvoker.java:598)
at org.testng.internal.TestInvoker.invokeTestMethod(TestInvoker.java:173)
at org.testng.internal.MethodRunner.runInSequence(MethodRunner.java:46)
at org.testng.internal.TestInvoker$MethodInvocationAgent.invoke(TestInvoker.java:824)
at org.testng.internal.TestInvoker.invokeTestMethods(TestInvoker.java:146)
at org.testng.internal.TestMethodWorker.invokeTestMethods(TestMethodWorker.java:146)
at org.testng.internal.TestMethodWorker.run(TestMethodWorker.java:128)
at java.base/java.util.ArrayList.forEach(ArrayList.java:1597)
at org.testng.TestRunner.privateRun(TestRunner.java:794)
at org.testng.TestRunner.run(TestRunner.java:596)
at org.testng.SuiteRunner.runTest(SuiteRunner.java:377)
at org.testng.SuiteRunner.runSequentially(SuiteRunner.java:371)
at org.testng.SuiteRunner.privateRun(SuiteRunner.java:332)
at org.testng.SuiteRunner.run(SuiteRunner.java:276)
at org.testng.SuiteRunnerWorker.runSuite(SuiteRunnerWorker.java:53)
at org.testng.SuiteRunnerWorker.run(SuiteRunnerWorker.java:96)
at org.testng.TestNG.runSuitesSequentially(TestNG.java:1212)
at org.testng.TestNG.runSuitesLocally(TestNG.java:1134)
at org.testng.TestNG.runSuites(TestNG.java:1063)
at org.testng.TestNG.run(TestNG.java:1031)
at org.testng.remote.AbstractRemoteTestNG.run(AbstractRemoteTestNG.java:115)
at org.testng.remote.RemoteTestNG.initAndRun(RemoteTestNG.java:293)
at org.testng.remote.RemoteTestNG.main(RemoteTestNG.java:91)
]]>
            </full-stacktrace>
          </exception> <!-- java.lang.AssertionError -->
          <reporter-output>
          </reporter-output>
        </test-method> <!-- addnewcontacts -->
        <test-method is-config="true" signature="quit()[pri:0, instance:TestcasesADGM.HomeTestcasesAGDM@770d0ea6]" started-at="2024-07-14T12:36:37 IST" name="quit" finished-at="2024-07-14T12:36:38 IST" duration-ms="577" status="PASS">
          <reporter-output>
          </reporter-output>
        </test-method> <!-- quit -->
        <test-method is-config="true" signature="launch(java.lang.String)[pri:0, instance:TestcasesADGM.HomeTestcasesAGDM@770d0ea6]" started-at="2024-07-14T12:36:38 IST" name="launch" finished-at="2024-07-14T12:36:41 IST" duration-ms="2943" status="PASS">
          <params>
            <param index="0">
              <value>
                <![CDATA[https://energy-power-2854.my.salesforce.com/]]>
              </value>
            </param>
          </params>
          <reporter-output>
          </reporter-output>
        </test-method> <!-- launch -->
        <test-method signature="addnewcontacts(java.lang.String,java.lang.String,java.lang.String)[pri:0, instance:TestcasesADGM.HomeTestcasesAGDM@770d0ea6]" started-at="2024-07-14T12:36:41 IST" name="addnewcontacts" data-provider="crendata" finished-at="2024-07-14T12:36:53 IST" duration-ms="11992" status="PASS">
          <params>
            <param index="0">
              <value>
                <![CDATA[Aarif]]>
              </value>
            </param>
            <param index="1">
              <value>
                <![CDATA[Ali]]>
              </value>
            </param>
            <param index="2">
              <value>
                <![CDATA[company]]>
              </value>
            </param>
          </params>
          <reporter-output>
          </reporter-output>
        </test-method> <!-- addnewcontacts -->
        <test-method is-config="true" signature="quit()[pri:0, instance:TestcasesADGM.HomeTestcasesAGDM@770d0ea6]" started-at="2024-07-14T12:36:53 IST" name="quit" finished-at="2024-07-14T12:36:53 IST" duration-ms="475" status="PASS">
          <reporter-output>
          </reporter-output>
        </test-method> <!-- quit -->
        <test-method is-config="true" signature="launch(java.lang.String)[pri:0, instance:TestcasesADGM.HomeTestcasesAGDM@770d0ea6]" started-at="2024-07-14T12:36:53 IST" name="launch" finished-at="2024-07-14T12:36:56 IST" duration-ms="3323" status="PASS">
          <params>
            <param index="0">
              <value>
                <![CDATA[https://energy-power-2854.my.salesforce.com/]]>
              </value>
            </param>
          </params>
          <reporter-output>
          </reporter-output>
        </test-method> <!-- launch -->
        <test-method signature="addnewcontacts(java.lang.String,java.lang.String,java.lang.String)[pri:0, instance:TestcasesADGM.HomeTestcasesAGDM@770d0ea6]" started-at="2024-07-14T12:36:56 IST" name="addnewcontacts" data-provider="crendata" finished-at="2024-07-14T12:37:08 IST" duration-ms="11540" status="PASS">
          <params>
            <param index="0">
              <value>
                <![CDATA[Rahim]]>
              </value>
            </param>
            <param index="1">
              <value>
                <![CDATA[dsd]]>
              </value>
            </param>
            <param index="2">
              <value>
                <![CDATA[company]]>
              </value>
            </param>
          </params>
          <reporter-output>
          </reporter-output>
        </test-method> <!-- addnewcontacts -->
        <test-method is-config="true" signature="quit()[pri:0, instance:TestcasesADGM.HomeTestcasesAGDM@770d0ea6]" started-at="2024-07-14T12:37:08 IST" name="quit" finished-at="2024-07-14T12:37:08 IST" duration-ms="498" status="PASS">
          <reporter-output>
          </reporter-output>
        </test-method> <!-- quit -->
        <test-method is-config="true" signature="launch(java.lang.String)[pri:0, instance:TestcasesADGM.HomeTestcasesAGDM@770d0ea6]" started-at="2024-07-14T12:37:08 IST" name="launch" finished-at="2024-07-14T12:49:30 IST" duration-ms="741522" status="FAIL">
          <params>
            <param index="0">
              <value>
                <![CDATA[https://energy-power-2854.my.salesforce.com/]]>
              </value>
            </param>
          </params>
          <exception class="org.openqa.selenium.SessionNotCreatedException">
            <message>
              <![CDATA[Could not start a new session. Possible causes are invalid address of the remote server or browser start-up failure. 
Host info: host: 'RAKIB-ANSAR', ip: '192.168.1.12']]>
            </message>
            <full-stacktrace>
              <![CDATA[org.openqa.selenium.SessionNotCreatedException: Could not start a new session. Possible causes are invalid address of the remote server or browser start-up failure. 
Host info: host: 'RAKIB-ANSAR', ip: '192.168.1.12'
at org.openqa.selenium.remote.RemoteWebDriver.execute(RemoteWebDriver.java:536)
at org.openqa.selenium.remote.RemoteWebDriver.startSession(RemoteWebDriver.java:232)
at org.openqa.selenium.remote.RemoteWebDriver.<init>(RemoteWebDriver.java:161)
at org.openqa.selenium.chromium.ChromiumDriver.<init>(ChromiumDriver.java:114)
at org.openqa.selenium.chrome.ChromeDriver.<init>(ChromeDriver.java:88)
at org.openqa.selenium.chrome.ChromeDriver.<init>(ChromeDriver.java:83)
at org.openqa.selenium.chrome.ChromeDriver.<init>(ChromeDriver.java:51)
at BasicUtility.BaseADGM.browserlaunch(BaseADGM.java:35)
at TestcasesADGM.HomeTestcasesAGDM.launch(HomeTestcasesAGDM.java:21)
at java.base/jdk.internal.reflect.DirectMethodHandleAccessor.invoke(DirectMethodHandleAccessor.java:103)
at java.base/java.lang.reflect.Method.invoke(Method.java:580)
at org.testng.internal.MethodInvocationHelper.invokeMethod(MethodInvocationHelper.java:133)
at org.testng.internal.MethodInvocationHelper.invokeMethodConsideringTimeout(MethodInvocationHelper.java:62)
at org.testng.internal.ConfigInvoker.invokeConfigurationMethod(ConfigInvoker.java:385)
at org.testng.internal.ConfigInvoker.invokeConfigurations(ConfigInvoker.java:321)
at org.testng.internal.TestInvoker.runConfigMethods(TestInvoker.java:700)
at org.testng.internal.TestInvoker.invokeMethod(TestInvoker.java:527)
at org.testng.internal.TestInvoker.invokeTestMethod(TestInvoker.java:173)
at org.testng.internal.MethodRunner.runInSequence(MethodRunner.java:46)
at org.testng.internal.TestInvoker$MethodInvocationAgent.invoke(TestInvoker.java:824)
at org.testng.internal.TestInvoker.invokeTestMethods(TestInvoker.java:146)
at org.testng.internal.TestMethodWorker.invokeTestMethods(TestMethodWorker.java:146)
at org.testng.internal.TestMethodWorker.run(TestMethodWorker.java:128)
at java.base/java.util.ArrayList.forEach(ArrayList.java:1597)
at org.testng.TestRunner.privateRun(TestRunner.java:794)
at org.testng.TestRunner.run(TestRunner.java:596)
at org.testng.SuiteRunner.runTest(SuiteRunner.java:377)
at org.testng.SuiteRunner.runSequentially(SuiteRunner.java:371)
at org.testng.SuiteRunner.privateRun(SuiteRunner.java:332)
at org.testng.SuiteRunner.run(SuiteRunner.java:276)
at org.testng.SuiteRunnerWorker.runSuite(SuiteRunnerWorker.java:53)
at org.testng.SuiteRunnerWorker.run(SuiteRunnerWorker.java:96)
at org.testng.TestNG.runSuitesSequentially(TestNG.java:1212)
at org.testng.TestNG.runSuitesLocally(TestNG.java:1134)
at org.testng.TestNG.runSuites(TestNG.java:1063)
at org.testng.TestNG.run(TestNG.java:1031)
at org.testng.remote.AbstractRemoteTestNG.run(AbstractRemoteTestNG.java:115)
at org.testng.remote.RemoteTestNG.initAndRun(RemoteTestNG.java:293)
at org.testng.remote.RemoteTestNG.main(RemoteTestNG.java:91)
Caused by: org.openqa.selenium.TimeoutException: java.net.http.HttpTimeoutException: request timed out
Build info: version: '4.22.0', revision: 'c5f3146703*'
System info: os.name: 'Windows 11', os.arch: 'amd64', os.version: '10.0', java.version: '22.0.1'
Driver info: driver.version: ChromeDriver
at org.openqa.selenium.remote.http.jdk.JdkHttpClient.execute0(JdkHttpClient.java:389)
at org.openqa.selenium.remote.http.AddSeleniumUserAgent.lambda$apply$0(AddSeleniumUserAgent.java:42)
at org.openqa.selenium.remote.http.Filter.lambda$andFinally$1(Filter.java:55)
at org.openqa.selenium.remote.http.jdk.JdkHttpClient.execute(JdkHttpClient.java:355)
at org.openqa.selenium.remote.ProtocolHandshake.createSession(ProtocolHandshake.java:89)
at org.openqa.selenium.remote.ProtocolHandshake.createSession(ProtocolHandshake.java:75)
at org.openqa.selenium.remote.ProtocolHandshake.createSession(ProtocolHandshake.java:61)
at org.openqa.selenium.remote.HttpCommandExecutor.execute(HttpCommandExecutor.java:162)
at org.openqa.selenium.remote.service.DriverCommandExecutor.invokeExecute(DriverCommandExecutor.java:216)
at org.openqa.selenium.remote.service.DriverCommandExecutor.execute(DriverCommandExecutor.java:174)
at org.openqa.selenium.remote.RemoteWebDriver.execute(RemoteWebDriver.java:518)
... 38 more
Caused by: java.net.http.HttpTimeoutException: request timed out
at java.net.http/jdk.internal.net.http.ResponseTimerEvent.handle(ResponseTimerEvent.java:63)
at java.net.http/jdk.internal.net.http.HttpClientImpl.purgeTimeoutsAndReturnNextDeadline(HttpClientImpl.java:1788)
at java.net.http/jdk.internal.net.http.HttpClientImpl$SelectorManager.run(HttpClientImpl.java:1344)
]]>
            </full-stacktrace>
          </exception> <!-- org.openqa.selenium.SessionNotCreatedException -->
          <reporter-output>
          </reporter-output>
        </test-method> <!-- launch -->
        <test-method signature="addnewcontacts(java.lang.String,java.lang.String,java.lang.String)[pri:0, instance:TestcasesADGM.HomeTestcasesAGDM@770d0ea6]" started-at="2024-07-14T12:49:30 IST" name="addnewcontacts" data-provider="crendata" finished-at="2024-07-14T12:49:30 IST" duration-ms="0" status="SKIP">
          <params>
            <param index="0">
              <value>
                <![CDATA[Sahil]]>
              </value>
            </param>
            <param index="1">
              <value>
                <![CDATA[ass]]>
              </value>
            </param>
            <param index="2">
              <value>
                <![CDATA[account]]>
              </value>
            </param>
          </params>
          <exception class="org.openqa.selenium.SessionNotCreatedException">
            <message>
              <![CDATA[Could not start a new session. Possible causes are invalid address of the remote server or browser start-up failure. 
Host info: host: 'RAKIB-ANSAR', ip: '192.168.1.12']]>
            </message>
            <full-stacktrace>
              <![CDATA[org.openqa.selenium.SessionNotCreatedException: Could not start a new session. Possible causes are invalid address of the remote server or browser start-up failure. 
Host info: host: 'RAKIB-ANSAR', ip: '192.168.1.12'
at org.openqa.selenium.remote.RemoteWebDriver.execute(RemoteWebDriver.java:536)
at org.openqa.selenium.remote.RemoteWebDriver.startSession(RemoteWebDriver.java:232)
at org.openqa.selenium.remote.RemoteWebDriver.<init>(RemoteWebDriver.java:161)
at org.openqa.selenium.chromium.ChromiumDriver.<init>(ChromiumDriver.java:114)
at org.openqa.selenium.chrome.ChromeDriver.<init>(ChromeDriver.java:88)
at org.openqa.selenium.chrome.ChromeDriver.<init>(ChromeDriver.java:83)
at org.openqa.selenium.chrome.ChromeDriver.<init>(ChromeDriver.java:51)
at BasicUtility.BaseADGM.browserlaunch(BaseADGM.java:35)
at TestcasesADGM.HomeTestcasesAGDM.launch(HomeTestcasesAGDM.java:21)
at java.base/jdk.internal.reflect.DirectMethodHandleAccessor.invoke(DirectMethodHandleAccessor.java:103)
at java.base/java.lang.reflect.Method.invoke(Method.java:580)
at org.testng.internal.MethodInvocationHelper.invokeMethod(MethodInvocationHelper.java:133)
at org.testng.internal.MethodInvocationHelper.invokeMethodConsideringTimeout(MethodInvocationHelper.java:62)
at org.testng.internal.ConfigInvoker.invokeConfigurationMethod(ConfigInvoker.java:385)
at org.testng.internal.ConfigInvoker.invokeConfigurations(ConfigInvoker.java:321)
at org.testng.internal.TestInvoker.runConfigMethods(TestInvoker.java:700)
at org.testng.internal.TestInvoker.invokeMethod(TestInvoker.java:527)
at org.testng.internal.TestInvoker.invokeTestMethod(TestInvoker.java:173)
at org.testng.internal.MethodRunner.runInSequence(MethodRunner.java:46)
at org.testng.internal.TestInvoker$MethodInvocationAgent.invoke(TestInvoker.java:824)
at org.testng.internal.TestInvoker.invokeTestMethods(TestInvoker.java:146)
at org.testng.internal.TestMethodWorker.invokeTestMethods(TestMethodWorker.java:146)
at org.testng.internal.TestMethodWorker.run(TestMethodWorker.java:128)
at java.base/java.util.ArrayList.forEach(ArrayList.java:1597)
at org.testng.TestRunner.privateRun(TestRunner.java:794)
at org.testng.TestRunner.run(TestRunner.java:596)
at org.testng.SuiteRunner.runTest(SuiteRunner.java:377)
at org.testng.SuiteRunner.runSequentially(SuiteRunner.java:371)
at org.testng.SuiteRunner.privateRun(SuiteRunner.java:332)
at org.testng.SuiteRunner.run(SuiteRunner.java:276)
at org.testng.SuiteRunnerWorker.runSuite(SuiteRunnerWorker.java:53)
at org.testng.SuiteRunnerWorker.run(SuiteRunnerWorker.java:96)
at org.testng.TestNG.runSuitesSequentially(TestNG.java:1212)
at org.testng.TestNG.runSuitesLocally(TestNG.java:1134)
at org.testng.TestNG.runSuites(TestNG.java:1063)
at org.testng.TestNG.run(TestNG.java:1031)
at org.testng.remote.AbstractRemoteTestNG.run(AbstractRemoteTestNG.java:115)
at org.testng.remote.RemoteTestNG.initAndRun(RemoteTestNG.java:293)
at org.testng.remote.RemoteTestNG.main(RemoteTestNG.java:91)
Caused by: org.openqa.selenium.TimeoutException: java.net.http.HttpTimeoutException: request timed out
Build info: version: '4.22.0', revision: 'c5f3146703*'
System info: os.name: 'Windows 11', os.arch: 'amd64', os.version: '10.0', java.version: '22.0.1'
Driver info: driver.version: ChromeDriver
at org.openqa.selenium.remote.http.jdk.JdkHttpClient.execute0(JdkHttpClient.java:389)
at org.openqa.selenium.remote.http.AddSeleniumUserAgent.lambda$apply$0(AddSeleniumUserAgent.java:42)
at org.openqa.selenium.remote.http.Filter.lambda$andFinally$1(Filter.java:55)
at org.openqa.selenium.remote.http.jdk.JdkHttpClient.execute(JdkHttpClient.java:355)
at org.openqa.selenium.remote.ProtocolHandshake.createSession(ProtocolHandshake.java:89)
at org.openqa.selenium.remote.ProtocolHandshake.createSession(ProtocolHandshake.java:75)
at org.openqa.selenium.remote.ProtocolHandshake.createSession(ProtocolHandshake.java:61)
at org.openqa.selenium.remote.HttpCommandExecutor.execute(HttpCommandExecutor.java:162)
at org.openqa.selenium.remote.service.DriverCommandExecutor.invokeExecute(DriverCommandExecutor.java:216)
at org.openqa.selenium.remote.service.DriverCommandExecutor.execute(DriverCommandExecutor.java:174)
at org.openqa.selenium.remote.RemoteWebDriver.execute(RemoteWebDriver.java:518)
... 38 more
Caused by: java.net.http.HttpTimeoutException: request timed out
at java.net.http/jdk.internal.net.http.ResponseTimerEvent.handle(ResponseTimerEvent.java:63)
at java.net.http/jdk.internal.net.http.HttpClientImpl.purgeTimeoutsAndReturnNextDeadline(HttpClientImpl.java:1788)
at java.net.http/jdk.internal.net.http.HttpClientImpl$SelectorManager.run(HttpClientImpl.java:1344)
]]>
            </full-stacktrace>
          </exception> <!-- org.openqa.selenium.SessionNotCreatedException -->
          <reporter-output>
          </reporter-output>
        </test-method> <!-- addnewcontacts -->
        <test-method is-config="true" signature="quit()[pri:0, instance:TestcasesADGM.HomeTestcasesAGDM@770d0ea6]" started-at="2024-07-14T12:49:30 IST" name="quit" finished-at="1970-01-01T05:30:00 IST" duration-ms="-1720941570477" status="SKIP">
          <reporter-output>
          </reporter-output>
        </test-method> <!-- quit -->
        <test-method is-config="true" signature="Aftersuite()[pri:0, instance:TestcasesADGM.HomeTestcasesAGDM@770d0ea6]" started-at="2024-07-14T12:49:30 IST" name="Aftersuite" finished-at="1970-01-01T05:30:00 IST" duration-ms="-1720941570524" status="SKIP">
          <reporter-output>
          </reporter-output>
        </test-method> <!-- Aftersuite -->
      </class> <!-- TestcasesADGM.HomeTestcasesAGDM -->
    </test> <!-- Test -->
  </suite> <!-- Suite -->
</testng-results>
