<?xml version="1.0" encoding="UTF-8"?>
<!-- Generated by org.testng.reporters.JUnitXMLReporter -->
<testsuite ignored="0" hostname="Rakib-Ansar" failures="2" tests="10" name="Test" time="906.472" errors="0" timestamp="2024-07-14T12:49:30 IST">
  <testcase classname="TestcasesADGM.HomeTestcasesAGDM" name="@BeforeMethod launch" time="741.522">
    <failure type="org.openqa.selenium.SessionNotCreatedException" message="Could not start a new session. Possible causes are invalid address of the remote server or browser start-up failure. 
Host info: host: &amp;apos;RAKIB-ANSAR&amp;apos;, ip: &amp;apos;192.168.1.12&amp;apos;">
      <![CDATA[org.openqa.selenium.SessionNotCreatedException: Could not start a new session. Possible causes are invalid address of the remote server or browser start-up failure. 
Host info: host: 'RAKIB-ANSAR', ip: '192.168.1.12'
at org.openqa.selenium.remote.RemoteWebDriver.execute(RemoteWebDriver.java:536)
at org.openqa.selenium.remote.RemoteWebDriver.startSession(RemoteWebDriver.java:232)
at org.openqa.selenium.remote.RemoteWebDriver.<init>(RemoteWebDriver.java:161)
at org.openqa.selenium.chromium.ChromiumDriver.<init>(ChromiumDriver.java:114)
at org.openqa.selenium.chrome.ChromeDriver.<init>(ChromeDriver.java:88)
at org.openqa.selenium.chrome.ChromeDriver.<init>(ChromeDriver.java:83)
at org.openqa.selenium.chrome.ChromeDriver.<init>(ChromeDriver.java:51)
at BasicUtility.BaseADGM.browserlaunch(BaseADGM.java:35)
at TestcasesADGM.HomeTestcasesAGDM.launch(HomeTestcasesAGDM.java:21)
at java.base/java.util.ArrayList.forEach(ArrayList.java:1597)
Caused by: org.openqa.selenium.TimeoutException: java.net.http.HttpTimeoutException: request timed out
Build info: version: '4.22.0', revision: 'c5f3146703*'
System info: os.name: 'Windows 11', os.arch: 'amd64', os.version: '10.0', java.version: '22.0.1'
Driver info: driver.version: ChromeDriver
at org.openqa.selenium.remote.http.jdk.JdkHttpClient.execute0(JdkHttpClient.java:389)
at org.openqa.selenium.remote.http.AddSeleniumUserAgent.lambda$apply$0(AddSeleniumUserAgent.java:42)
at org.openqa.selenium.remote.http.Filter.lambda$andFinally$1(Filter.java:55)
at org.openqa.selenium.remote.http.jdk.JdkHttpClient.execute(JdkHttpClient.java:355)
at org.openqa.selenium.remote.ProtocolHandshake.createSession(ProtocolHandshake.java:89)
at org.openqa.selenium.remote.ProtocolHandshake.createSession(ProtocolHandshake.java:75)
at org.openqa.selenium.remote.ProtocolHandshake.createSession(ProtocolHandshake.java:61)
at org.openqa.selenium.remote.HttpCommandExecutor.execute(HttpCommandExecutor.java:162)
at org.openqa.selenium.remote.service.DriverCommandExecutor.invokeExecute(DriverCommandExecutor.java:216)
at org.openqa.selenium.remote.service.DriverCommandExecutor.execute(DriverCommandExecutor.java:174)
at org.openqa.selenium.remote.RemoteWebDriver.execute(RemoteWebDriver.java:518)
... 38 more
Caused by: java.net.http.HttpTimeoutException: request timed out
at java.net.http/jdk.internal.net.http.ResponseTimerEvent.handle(ResponseTimerEvent.java:63)
at java.net.http/jdk.internal.net.http.HttpClientImpl.purgeTimeoutsAndReturnNextDeadline(HttpClientImpl.java:1788)
at java.net.http/jdk.internal.net.http.HttpClientImpl$SelectorManager.run(HttpClientImpl.java:1344)
... Removed 29 stack frames]]>
    </failure>
  </testcase> <!-- @BeforeMethod launch -->
  <testcase classname="TestcasesADGM.HomeTestcasesAGDM" name="@AfterMethod quit" time="-1.720941570477E9">
    <skipped/>
  </testcase> <!-- @AfterMethod quit -->
  <testcase classname="TestcasesADGM.HomeTestcasesAGDM" name="addnewcontacts" time="15.017"/>
  <testcase classname="TestcasesADGM.HomeTestcasesAGDM" name="addnewcontacts" time="11.467"/>
  <testcase classname="TestcasesADGM.HomeTestcasesAGDM" name="addnewcontacts" time="12.843">
    <failure type="java.lang.AssertionError" message="expected [Open add contact Preview] but found [Open company Preview]">
      <![CDATA[java.lang.AssertionError: expected [Open add contact Preview] but found [Open company Preview]
at ADGMPageObject.HomeADGM.contactverifyaccountname(HomeADGM.java:109)
at TestcasesADGM.HomeTestcasesAGDM.addnewcontacts(HomeTestcasesAGDM.java:53)
at java.base/java.util.ArrayList.forEach(ArrayList.java:1597)
... Removed 31 stack frames]]>
    </failure>
  </testcase> <!-- addnewcontacts -->
  <testcase classname="TestcasesADGM.HomeTestcasesAGDM" name="addnewcontacts" time="13.248"/>
  <testcase classname="TestcasesADGM.HomeTestcasesAGDM" name="addnewcontacts" time="16.614"/>
  <testcase classname="TestcasesADGM.HomeTestcasesAGDM" name="addnewcontacts" time="20.066"/>
  <testcase classname="TestcasesADGM.HomeTestcasesAGDM" name="addnewcontacts" time="14.484">
    <failure type="java.lang.AssertionError" message="expected [Open company Preview] but found [Open Account  Preview]">
      <![CDATA[java.lang.AssertionError: expected [Open company Preview] but found [Open Account  Preview]
at ADGMPageObject.HomeADGM.contactverifyaccountname(HomeADGM.java:109)
at TestcasesADGM.HomeTestcasesAGDM.addnewcontacts(HomeTestcasesAGDM.java:53)
at java.base/java.util.ArrayList.forEach(ArrayList.java:1597)
... Removed 31 stack frames]]>
    </failure>
  </testcase> <!-- addnewcontacts -->
  <testcase classname="TestcasesADGM.HomeTestcasesAGDM" name="addnewcontacts" time="11.992"/>
  <testcase classname="TestcasesADGM.HomeTestcasesAGDM" name="addnewcontacts" time="11.54"/>
  <testcase classname="TestcasesADGM.HomeTestcasesAGDM" name="addnewcontacts" time="0.0">
    <skipped/>
  </testcase> <!-- addnewcontacts -->
</testsuite> <!-- Test -->
